app/manifest-merger-release-report.txt
-- Merging decision tree log ---
manifest
ADDED from AndroidManifest.xml:2:1
	xmlns:android
		ADDED from AndroidManifest.xml:2:11
	package
		ADDED from AndroidManifest.xml:3:5
		INJECTED from AndroidManifest.xml:0:0
		INJECTED from AndroidManifest.xml:0:0
	android:versionName
		ADDED from AndroidManifest.xml:5:5
	android:versionCode
		ADDED from AndroidManifest.xml:4:5
		INJECTED from AndroidManifest.xml:0:0
		INJECTED from AndroidManifest.xml:0:0
uses-sdk
ADDED from AndroidManifest.xml:7:5
MERGED from Animexx-Android-App-Gradle:JazzyViewPager:unspecified:7:5
MERGED from Animexx-Android-App-Gradle:CardsUILib:unspecified:7:5
MERGED from com.actionbarsherlock:actionbarsherlock:4.4.0:3:3
	android:targetSdkVersion
		ADDED from AndroidManifest.xml:9:9
		INJECTED from AndroidManifest.xml:0:0
		INJECTED from AndroidManifest.xml:0:0
	android:minSdkVersion
		ADDED from AndroidManifest.xml:8:9
		INJECTED from AndroidManifest.xml:0:0
		INJECTED from AndroidManifest.xml:0:0
uses-permission#android.permission.INTERNET
ADDED from AndroidManifest.xml:11:5
	android:name
		ADDED from AndroidManifest.xml:11:22
uses-permission#android.permission.WRITE_EXTERNAL_STORAGE
ADDED from AndroidManifest.xml:12:5
	android:name
		ADDED from AndroidManifest.xml:12:22
permission#de.meisterfuu.animexx.permission.C2D_MESSAGE
ADDED from AndroidManifest.xml:14:5
	android:protectionLevel
		ADDED from AndroidManifest.xml:16:9
	android:name
		ADDED from AndroidManifest.xml:15:9
uses-permission#de.meisterfuu.animexx.permission.C2D_MESSAGE
ADDED from AndroidManifest.xml:18:5
	android:name
		ADDED from AndroidManifest.xml:18:22
uses-permission#android.permission.WAKE_LOCK
ADDED from AndroidManifest.xml:19:5
	android:name
		ADDED from AndroidManifest.xml:19:22
uses-permission#android.permission.GET_ACCOUNTS
ADDED from AndroidManifest.xml:20:5
	android:name
		ADDED from AndroidManifest.xml:20:22
uses-permission#com.google.android.c2dm.permission.RECEIVE
ADDED from AndroidManifest.xml:23:5
	android:name
		ADDED from AndroidManifest.xml:23:22
permission#de.meisterfuu.animexx.permission.ENS_NOTIFY
ADDED from AndroidManifest.xml:25:5
	android:label
		ADDED from AndroidManifest.xml:29:9
	android:icon
		ADDED from AndroidManifest.xml:28:9
	android:protectionLevel
		ADDED from AndroidManifest.xml:31:9
	android:description
		ADDED from AndroidManifest.xml:27:9
	android:permissionGroup
		ADDED from AndroidManifest.xml:30:9
	android:name
		ADDED from AndroidManifest.xml:26:9
uses-permission#android.permission.VIBRATE
ADDED from AndroidManifest.xml:34:5
	android:name
		ADDED from AndroidManifest.xml:34:22
application
ADDED from AndroidManifest.xml:36:5
MERGED from com.actionbarsherlock:actionbarsherlock:4.4.0:4:3
	android:label
		ADDED from AndroidManifest.xml:38:9
	android:icon
		ADDED from AndroidManifest.xml:37:9
	android:theme
		ADDED from AndroidManifest.xml:39:9
activity#de.meisterfuu.animexx.AnimexxActivity
ADDED from AndroidManifest.xml:40:9
	android:label
		ADDED from AndroidManifest.xml:42:13
	android:name
		ADDED from AndroidManifest.xml:41:13
	android:launchMode
		ADDED from AndroidManifest.xml:43:13
intent-filter#android.intent.action.MAIN+android.intent.category.LAUNCHER
ADDED from AndroidManifest.xml:44:13
action#android.intent.action.MAIN
ADDED from AndroidManifest.xml:45:17
	android:name
		ADDED from AndroidManifest.xml:45:25
category#android.intent.category.LAUNCHER
ADDED from AndroidManifest.xml:47:17
	android:name
		ADDED from AndroidManifest.xml:47:27
activity#de.meisterfuu.animexx.RequestTokenActivity
ADDED from AndroidManifest.xml:50:9
	android:label
		ADDED from AndroidManifest.xml:52:13
	android:name
		ADDED from AndroidManifest.xml:51:13
	android:launchMode
		ADDED from AndroidManifest.xml:53:13
intent-filter#android.intent.action.VIEW+android.intent.category.BROWSABLE+android.intent.category.DEFAULT
ADDED from AndroidManifest.xml:54:13
data
ADDED from AndroidManifest.xml:55:17
	android:host
		ADDED from AndroidManifest.xml:56:21
	android:scheme
		ADDED from AndroidManifest.xml:57:21
action#android.intent.action.VIEW
ADDED from AndroidManifest.xml:59:17
	android:name
		ADDED from AndroidManifest.xml:59:25
category#android.intent.category.DEFAULT
ADDED from AndroidManifest.xml:61:17
	android:name
		ADDED from AndroidManifest.xml:61:27
category#android.intent.category.BROWSABLE
ADDED from AndroidManifest.xml:62:17
	android:name
		ADDED from AndroidManifest.xml:62:27
activity#de.meisterfuu.animexx.Menu
ADDED from AndroidManifest.xml:65:9
	android:configChanges
		ADDED from AndroidManifest.xml:67:13
	android:name
		ADDED from AndroidManifest.xml:66:13
	android:launchMode
		ADDED from AndroidManifest.xml:68:13
activity#de.meisterfuu.animexx.about
ADDED from AndroidManifest.xml:70:9
	android:configChanges
		ADDED from AndroidManifest.xml:72:13
	android:name
		ADDED from AndroidManifest.xml:71:13
	android:launchMode
		ADDED from AndroidManifest.xml:73:13
activity#de.meisterfuu.animexx.Debug
ADDED from AndroidManifest.xml:75:9
	android:screenOrientation
		ADDED from AndroidManifest.xml:78:13
	android:name
		ADDED from AndroidManifest.xml:76:13
	android:launchMode
		ADDED from AndroidManifest.xml:77:13
activity#de.meisterfuu.animexx.Main
ADDED from AndroidManifest.xml:80:9
	android:screenOrientation
		ADDED from AndroidManifest.xml:83:13
	android:name
		ADDED from AndroidManifest.xml:81:13
	android:launchMode
		ADDED from AndroidManifest.xml:82:13
activity#de.meisterfuu.animexx.ENS.ENSSync
ADDED from AndroidManifest.xml:85:9
	android:screenOrientation
		ADDED from AndroidManifest.xml:88:13
	android:name
		ADDED from AndroidManifest.xml:86:13
	android:launchMode
		ADDED from AndroidManifest.xml:87:13
activity#de.meisterfuu.animexx.other.Feedback
ADDED from AndroidManifest.xml:90:9
	android:configChanges
		ADDED from AndroidManifest.xml:92:13
	android:name
		ADDED from AndroidManifest.xml:91:13
	android:launchMode
		ADDED from AndroidManifest.xml:93:13
activity#de.meisterfuu.animexx.ENS.ENSActivity
ADDED from AndroidManifest.xml:95:9
	android:name
		ADDED from AndroidManifest.xml:96:13
	android:launchMode
		ADDED from AndroidManifest.xml:97:13
activity#de.meisterfuu.animexx.ENS.ENSEingangFragment
ADDED from AndroidManifest.xml:99:9
	android:configChanges
		ADDED from AndroidManifest.xml:101:13
	android:name
		ADDED from AndroidManifest.xml:100:13
	android:launchMode
		ADDED from AndroidManifest.xml:102:13
activity#de.meisterfuu.animexx.ENS.ENSAusgang
ADDED from AndroidManifest.xml:104:9
	android:configChanges
		ADDED from AndroidManifest.xml:106:13
	android:name
		ADDED from AndroidManifest.xml:105:13
	android:launchMode
		ADDED from AndroidManifest.xml:107:13
activity#de.meisterfuu.animexx.ENS.ENSSingle
ADDED from AndroidManifest.xml:109:9
	android:configChanges
		ADDED from AndroidManifest.xml:111:13
	android:name
		ADDED from AndroidManifest.xml:110:13
activity#de.meisterfuu.animexx.ENS.bla
ADDED from AndroidManifest.xml:123:9
	android:configChanges
		ADDED from AndroidManifest.xml:125:13
	android:name
		ADDED from AndroidManifest.xml:124:13
	android:launchMode
		ADDED from AndroidManifest.xml:126:13
activity#de.meisterfuu.animexx.ENS.ENSAnswer
ADDED from AndroidManifest.xml:128:9
	android:configChanges
		ADDED from AndroidManifest.xml:130:13
	android:name
		ADDED from AndroidManifest.xml:129:13
	android:launchMode
		ADDED from AndroidManifest.xml:131:13
activity#de.meisterfuu.animexx.ENS.ENSMenu
ADDED from AndroidManifest.xml:133:9
	android:configChanges
		ADDED from AndroidManifest.xml:135:13
	android:name
		ADDED from AndroidManifest.xml:134:13
	android:launchMode
		ADDED from AndroidManifest.xml:136:13
activity#de.meisterfuu.animexx.profil.UserSteckbrief
ADDED from AndroidManifest.xml:138:9
	android:configChanges
		ADDED from AndroidManifest.xml:140:13
	android:name
		ADDED from AndroidManifest.xml:139:13
	android:launchMode
		ADDED from AndroidManifest.xml:141:13
activity#de.meisterfuu.animexx.GB.GBViewList
ADDED from AndroidManifest.xml:143:9
	android:configChanges
		ADDED from AndroidManifest.xml:145:13
	android:name
		ADDED from AndroidManifest.xml:144:13
activity#de.meisterfuu.animexx.other.KaroTalerAlert
ADDED from AndroidManifest.xml:147:9
	android:configChanges
		ADDED from AndroidManifest.xml:149:13
	android:theme
		ADDED from AndroidManifest.xml:151:13
	android:name
		ADDED from AndroidManifest.xml:148:13
	android:launchMode
		ADDED from AndroidManifest.xml:150:13
activity#de.meisterfuu.animexx.GB.GBViewSingle
ADDED from AndroidManifest.xml:153:9
	android:configChanges
		ADDED from AndroidManifest.xml:155:13
	android:name
		ADDED from AndroidManifest.xml:154:13
activity#de.meisterfuu.animexx.GB.GBAnswer
ADDED from AndroidManifest.xml:157:9
	android:configChanges
		ADDED from AndroidManifest.xml:159:13
	android:name
		ADDED from AndroidManifest.xml:158:13
	android:launchMode
		ADDED from AndroidManifest.xml:160:13
activity#de.meisterfuu.animexx.other.Settings
ADDED from AndroidManifest.xml:162:9
	android:configChanges
		ADDED from AndroidManifest.xml:164:13
	android:name
		ADDED from AndroidManifest.xml:163:13
	android:launchMode
		ADDED from AndroidManifest.xml:165:13
activity#de.meisterfuu.animexx.other.ContactList
ADDED from AndroidManifest.xml:167:9
	android:configChanges
		ADDED from AndroidManifest.xml:169:13
	android:name
		ADDED from AndroidManifest.xml:168:13
	android:launchMode
		ADDED from AndroidManifest.xml:170:13
activity#de.meisterfuu.animexx.Home.ContactsActivityList
ADDED from AndroidManifest.xml:172:9
	android:configChanges
		ADDED from AndroidManifest.xml:174:13
	android:name
		ADDED from AndroidManifest.xml:173:13
	android:launchMode
		ADDED from AndroidManifest.xml:175:13
activity#de.meisterfuu.animexx.Home.PersonalHomeListAll
ADDED from AndroidManifest.xml:177:9
	android:configChanges
		ADDED from AndroidManifest.xml:179:13
	android:name
		ADDED from AndroidManifest.xml:178:13
	android:launchMode
		ADDED from AndroidManifest.xml:180:13
activity#de.meisterfuu.animexx.Home.HomeKontaktFragment
ADDED from AndroidManifest.xml:182:9
	android:configChanges
		ADDED from AndroidManifest.xml:184:13
	android:name
		ADDED from AndroidManifest.xml:183:13
	android:launchMode
		ADDED from AndroidManifest.xml:185:13
activity#de.meisterfuu.animexx.RPG.RPGViewList
ADDED from AndroidManifest.xml:187:9
	android:configChanges
		ADDED from AndroidManifest.xml:189:13
	android:name
		ADDED from AndroidManifest.xml:188:13
	android:launchMode
		ADDED from AndroidManifest.xml:190:13
activity#de.meisterfuu.animexx.RPG.RPGViewCharaList
ADDED from AndroidManifest.xml:192:9
	android:configChanges
		ADDED from AndroidManifest.xml:194:13
	android:name
		ADDED from AndroidManifest.xml:193:13
	android:launchMode
		ADDED from AndroidManifest.xml:195:13
activity#de.meisterfuu.animexx.other.SingleImage
ADDED from AndroidManifest.xml:197:9
	android:label
		ADDED from AndroidManifest.xml:199:13
	android:name
		ADDED from AndroidManifest.xml:198:13
	android:launchMode
		ADDED from AndroidManifest.xml:200:13
activity#de.meisterfuu.animexx.RPG.RPGViewPostList
ADDED from AndroidManifest.xml:202:9
	android:windowSoftInputMode
		ADDED from AndroidManifest.xml:205:13
	android:configChanges
		ADDED from AndroidManifest.xml:204:13
	android:name
		ADDED from AndroidManifest.xml:203:13
activity#de.meisterfuu.animexx.RPG.RPGViewPostListStart
ADDED from AndroidManifest.xml:207:9
	android:configChanges
		ADDED from AndroidManifest.xml:209:13
	android:name
		ADDED from AndroidManifest.xml:208:13
	android:launchMode
		ADDED from AndroidManifest.xml:210:13
activity#de.meisterfuu.animexx.events.EventViewList
ADDED from AndroidManifest.xml:212:9
	android:configChanges
		ADDED from AndroidManifest.xml:214:13
	android:name
		ADDED from AndroidManifest.xml:213:13
	android:launchMode
		ADDED from AndroidManifest.xml:215:13
activity#de.meisterfuu.animexx.events.EventViewDetail
ADDED from AndroidManifest.xml:217:9
	android:configChanges
		ADDED from AndroidManifest.xml:219:13
	android:name
		ADDED from AndroidManifest.xml:218:13
activity#de.meisterfuu.animexx.TableView
ADDED from AndroidManifest.xml:221:9
	android:name
		ADDED from AndroidManifest.xml:221:19
activity#de.meisterfuu.animexx.Share.SharePicture
ADDED from AndroidManifest.xml:223:9
	android:label
		ADDED from AndroidManifest.xml:226:13
	android:configChanges
		ADDED from AndroidManifest.xml:225:13
	android:name
		ADDED from AndroidManifest.xml:224:13
	android:launchMode
		ADDED from AndroidManifest.xml:227:13
intent-filter#android.intent.action.SEND+android.intent.category.DEFAULT
ADDED from AndroidManifest.xml:228:13
action#android.intent.action.SEND
ADDED from AndroidManifest.xml:229:17
	android:name
		ADDED from AndroidManifest.xml:229:25
receiver#com.google.android.gcm.GCMBroadcastReceiver
ADDED from AndroidManifest.xml:237:9
	android:permission
		ADDED from AndroidManifest.xml:239:13
	android:name
		ADDED from AndroidManifest.xml:238:13
intent-filter#com.google.android.c2dm.intent.RECEIVE+com.google.android.c2dm.intent.REGISTRATION+de.meisterfuu.animexx
ADDED from AndroidManifest.xml:240:13
action#com.google.android.c2dm.intent.RECEIVE
ADDED from AndroidManifest.xml:241:17
	android:name
		ADDED from AndroidManifest.xml:241:25
action#com.google.android.c2dm.intent.REGISTRATION
ADDED from AndroidManifest.xml:242:17
	android:name
		ADDED from AndroidManifest.xml:242:25
category#de.meisterfuu.animexx
ADDED from AndroidManifest.xml:244:17
	android:name
		ADDED from AndroidManifest.xml:244:27
service#de.meisterfuu.animexx.GCMIntentService
ADDED from AndroidManifest.xml:248:9
	android:name
		ADDED from AndroidManifest.xml:248:18
receiver#de.meisterfuu.animexx.ENSNotify
ADDED from AndroidManifest.xml:250:9
	android:permission
		ADDED from AndroidManifest.xml:252:13
	android:name
		ADDED from AndroidManifest.xml:251:13
intent-filter#de.meisterfuu.animexx.ensnotify
ADDED from AndroidManifest.xml:253:13
action#de.meisterfuu.animexx.ensnotify
ADDED from AndroidManifest.xml:254:17
	android:name
		ADDED from AndroidManifest.xml:254:25
receiver#de.meisterfuu.animexx.other.KaroTaler
ADDED from AndroidManifest.xml:257:9
	android:name
		ADDED from AndroidManifest.xml:257:19
intent-filter#de.meisterfuu.animexx.karotaler
ADDED from AndroidManifest.xml:258:13
action#de.meisterfuu.animexx.karotaler
ADDED from AndroidManifest.xml:259:17
	android:name
		ADDED from AndroidManifest.xml:259:25
activity#de.meisterfuu.animexx.overview.OverviewActivity
ADDED from AndroidManifest.xml:263:9
	android:label
		ADDED from AndroidManifest.xml:265:13
	android:name
		ADDED from AndroidManifest.xml:264:13
	android:launchMode
		ADDED from AndroidManifest.xml:266:13
activity#de.meisterfuu.animexx.events.EventEditNote
ADDED from AndroidManifest.xml:268:9
	android:label
		ADDED from AndroidManifest.xml:270:13
	android:name
		ADDED from AndroidManifest.xml:269:13
activity#de.meisterfuu.animexx.Home.HomeKontaktActivity
ADDED from AndroidManifest.xml:272:9
	android:label
		ADDED from AndroidManifest.xml:274:13
	android:name
		ADDED from AndroidManifest.xml:273:13
	android:launchMode
		ADDED from AndroidManifest.xml:275:13
activity#de.meisterfuu.animexx.Home.HomeKontaktDetailFragment
ADDED from AndroidManifest.xml:277:9
	android:label
		ADDED from AndroidManifest.xml:279:13
	android:name
		ADDED from AndroidManifest.xml:278:13
activity#de.meisterfuu.animexx.Home.HomeKontaktNewFragment
ADDED from AndroidManifest.xml:281:9
	android:label
		ADDED from AndroidManifest.xml:283:13
	android:name
		ADDED from AndroidManifest.xml:282:13
activity#de.meisterfuu.animexx.Home.HomeKontaktBigFragment
ADDED from AndroidManifest.xml:285:9
	android:label
		ADDED from AndroidManifest.xml:287:13
	android:name
		ADDED from AndroidManifest.xml:286:13
activity#de.meisterfuu.animexx.overview.OverviewCardActivity
ADDED from AndroidManifest.xml:289:9
	android:label
		ADDED from AndroidManifest.xml:291:13
	android:name
		ADDED from AndroidManifest.xml:290:13
	android:launchMode
		ADDED from AndroidManifest.xml:292:13
activity#de.meisterfuu.animexx.fanworks.Fanart
ADDED from AndroidManifest.xml:294:9
	android:label
		ADDED from AndroidManifest.xml:296:13
	android:name
		ADDED from AndroidManifest.xml:295:13
activity#de.meisterfuu.animexx.fanworks.FanartKommentare
ADDED from AndroidManifest.xml:298:9
	android:label
		ADDED from AndroidManifest.xml:300:13
	android:name
		ADDED from AndroidManifest.xml:299:13
activity#de.meisterfuu.animexx.RPG.RPGNewPost
ADDED from AndroidManifest.xml:302:9
	android:label
		ADDED from AndroidManifest.xml:304:13
	android:name
		ADDED from AndroidManifest.xml:303:13
	android:launchMode
		ADDED from AndroidManifest.xml:305:13
activity#de.meisterfuu.animexx.other.KarotalerActivity
ADDED from AndroidManifest.xml:307:9
	android:label
		ADDED from AndroidManifest.xml:309:13
	android:name
		ADDED from AndroidManifest.xml:308:13
activity#de.meisterfuu.animexx.profil.UserCardSteckbrief
ADDED from AndroidManifest.xml:311:9
	android:label
		ADDED from AndroidManifest.xml:313:13
	android:name
		ADDED from AndroidManifest.xml:312:13
activity#de.meisterfuu.animexx.events.EventViewCardDetail
ADDED from AndroidManifest.xml:315:9
	android:label
		ADDED from AndroidManifest.xml:317:13
	android:name
		ADDED from AndroidManifest.xml:316:13
activity#de.meisterfuu.animexx.events.EventViewPage
ADDED from AndroidManifest.xml:319:9
	android:label
		ADDED from AndroidManifest.xml:321:13
	android:name
		ADDED from AndroidManifest.xml:320:13
activity#de.meisterfuu.animexx.AIDB.MangaViewList
ADDED from AndroidManifest.xml:323:9
	android:label
		ADDED from AndroidManifest.xml:325:13
	android:name
		ADDED from AndroidManifest.xml:324:13
activity#de.meisterfuu.animexx.AIDB.MangaBandViewList
ADDED from AndroidManifest.xml:327:9
	android:label
		ADDED from AndroidManifest.xml:329:13
	android:name
		ADDED from AndroidManifest.xml:328:13